<?xml version="1.0" encoding="UTF-8"?>
<!-- Generated by org.testng.reporters.JUnitReportReporter -->
<testsuite hostname="DESKTOP-8GGN59N" failures="0" tests="2" name="com.Login.Amazon" time="14.534" errors="0" timestamp="2023-10-19T14:47:04 IST" skipped="0">
  <testcase classname="com.Login.Amazon" name="test" time="6.535"/>
  <system-out/>
  <testcase classname="com.Login.Amazon" name="test" time="7.999"/>
  <system-out/>
</testsuite> <!-- com.Login.Amazon -->
