<?xml version="1.0" encoding="UTF-8"?>
<!-- Generated by org.testng.reporters.JUnitReportReporter -->
<testsuite hostname="DESKTOP-8GGN59N" failures="0" tests="1" name="com.Login.GetAllLinks" time="9.207" errors="0" timestamp="2023-10-27T11:10:20 IST" skipped="0">
  <testcase classname="com.Login.GetAllLinks" name="getlinks" time="9.207"/>
  <system-out/>
</testsuite> <!-- com.Login.GetAllLinks -->
