<?xml version="1.0" encoding="UTF-8"?>
<!-- Generated by org.testng.reporters.JUnitReportReporter -->
<testsuite hostname="DESKTOP-8GGN59N" failures="0" tests="1" name="com.Login.ScreenshotAmazon" time="5.112" errors="0" timestamp="2023-10-27T14:18:07 IST" skipped="0">
  <testcase classname="com.Login.ScreenshotAmazon" name="screenshot" time="5.112"/>
  <system-out/>
</testsuite> <!-- com.Login.ScreenshotAmazon -->
