<?xml version="1.0" encoding="UTF-8"?>
<!-- Generated by org.testng.reporters.JUnitReportReporter -->
<testsuite hostname="DESKTOP-8GGN59N" failures="0" tests="1" name="com.Login.DemoPrintArrayValues_Amazon" time="7.819" errors="0" timestamp="2023-11-02T10:21:19 IST" skipped="0">
  <testcase classname="com.Login.DemoPrintArrayValues_Amazon" name="test" time="7.819"/>
  <system-out/>
</testsuite> <!-- com.Login.DemoPrintArrayValues_Amazon -->
