<?xml version="1.0" encoding="UTF-8"?>
<!-- Generated by org.testng.reporters.JUnitReportReporter -->
<testsuite hostname="DESKTOP-8GGN59N" failures="0" tests="1" name="com.Login.OrangeHrm" time="14.031" errors="0" timestamp="2023-10-26T14:37:53 IST" skipped="0">
  <testcase classname="com.Login.OrangeHrm" name="screenshot" time="14.031"/>
  <system-out/>
</testsuite> <!-- com.Login.OrangeHrm -->
