<?xml version="1.0" encoding="UTF-8"?>
<!-- Generated by org.testng.reporters.JUnitReportReporter -->
<testsuite hostname="DESKTOP-8GGN59N" failures="0" tests="1" name="com.Login.DemoBookMyShow" time="31.571" errors="0" timestamp="2023-11-03T09:43:36 IST" skipped="0">
  <testcase classname="com.Login.DemoBookMyShow" name="test1" time="31.571"/>
  <system-out/>
</testsuite> <!-- com.Login.DemoBookMyShow -->
