<?xml version="1.0" encoding="UTF-8"?>
<!-- Generated by org.testng.reporters.JUnitReportReporter -->
<testsuite hostname="DESKTOP-8GGN59N" failures="0" tests="1" name="com.java.arrays.DemoFacebookDays" time="8.683" errors="0" timestamp="2023-11-02T13:53:55 IST" skipped="0">
  <testcase classname="com.java.arrays.DemoFacebookDays" name="test" time="8.683"/>
  <system-out/>
</testsuite> <!-- com.java.arrays.DemoFacebookDays -->
