<?xml version="1.0" encoding="UTF-8"?>
<!-- Generated by org.testng.reporters.JUnitReportReporter -->
<testsuite hostname="DESKTOP-8GGN59N" failures="0" tests="1" name="com.Login.CountLinks" time="11.406" errors="0" timestamp="2023-10-30T12:46:49 IST" skipped="0">
  <testcase classname="com.Login.CountLinks" name="link" time="11.406"/>
  <system-out/>
</testsuite> <!-- com.Login.CountLinks -->
