<?xml version="1.0" encoding="UTF-8"?>
<!-- Generated by org.testng.reporters.JUnitReportReporter -->
<testsuite hostname="DESKTOP-8GGN59N" failures="0" tests="1" name="com.Login.ScreenshotwithTimestamp" time="5.668" errors="0" timestamp="2023-10-30T10:46:37 IST" skipped="0">
  <testcase classname="com.Login.ScreenshotwithTimestamp" name="screenshot" time="5.668"/>
  <system-out/>
</testsuite> <!-- com.Login.ScreenshotwithTimestamp -->
