<?xml version="1.0" encoding="UTF-8"?>
<!-- Generated by org.testng.reporters.JUnitReportReporter -->
<testsuite hostname="DESKTOP-8GGN59N" failures="0" tests="1" name="com.java.arrays.DemoFacebookMonthName" time="7.997" errors="0" timestamp="2023-11-02T13:05:38 IST" skipped="0">
  <testcase classname="com.java.arrays.DemoFacebookMonthName" name="test" time="7.997"/>
  <system-out/>
</testsuite> <!-- com.java.arrays.DemoFacebookMonthName -->
