<?xml version="1.0" encoding="UTF-8"?>
<!-- Generated by org.testng.reporters.JUnitReportReporter -->
<testsuite hostname="DESKTOP-8GGN59N" failures="0" tests="1" name="com.Login.TimeStampScreenshot" time="5.304" errors="0" timestamp="2023-11-02T15:07:16 IST" skipped="0">
  <testcase classname="com.Login.TimeStampScreenshot" name="test" time="5.304"/>
  <system-out/>
</testsuite> <!-- com.Login.TimeStampScreenshot -->
