<?xml version="1.0" encoding="UTF-8"?>
<!-- Generated by org.testng.reporters.JUnitReportReporter -->
<testsuite hostname="DESKTOP-8GGN59N" failures="0" tests="1" name="com.Login.PassArgument" time="0.015" errors="0" timestamp="2023-10-27T10:36:26 IST" skipped="0">
  <testcase classname="com.Login.PassArgument" name="testlogin" time="0.015"/>
  <system-out/>
</testsuite> <!-- com.Login.PassArgument -->
